<?xml version="1.0" encoding="UTF-8"?>
<testsuite xmlns:xsi="http://www.w3.org/2001/XMLSchema-instance" xsi:noNamespaceSchemaLocation="https://maven.apache.org/surefire/maven-surefire-plugin/xsd/surefire-test-report.xsd" name="TestSuite" time="22.166" tests="35" errors="0" skipped="0" failures="0">
  <properties>
    <property name="sun.desktop" value="windows"/>
    <property name="awt.toolkit" value="sun.awt.windows.WToolkit"/>
    <property name="file.encoding.pkg" value="sun.io"/>
    <property name="java.specification.version" value="1.8"/>
    <property name="sun.cpu.isalist" value="amd64"/>
    <property name="sun.jnu.encoding" value="Cp1252"/>
    <property name="java.class.path" value="C:\Users\kajetanmellerowicz\eclipse-workspace\RestAssuredAPITesting_User_Project\target\test-classes;C:\Users\kajetanmellerowicz\eclipse-workspace\RestAssuredAPITesting_User_Project\target\classes;C:\Users\kajetanmellerowicz\.m2\repository\io\rest-assured\rest-assured\4.1.2\rest-assured-4.1.2.jar;C:\Users\kajetanmellerowicz\.m2\repository\org\codehaus\groovy\groovy\2.5.8\groovy-2.5.8.jar;C:\Users\kajetanmellerowicz\.m2\repository\org\codehaus\groovy\groovy-xml\2.5.8\groovy-xml-2.5.8.jar;C:\Users\kajetanmellerowicz\.m2\repository\org\apache\httpcomponents\httpclient\4.5.3\httpclient-4.5.3.jar;C:\Users\kajetanmellerowicz\.m2\repository\org\apache\httpcomponents\httpcore\4.4.6\httpcore-4.4.6.jar;C:\Users\kajetanmellerowicz\.m2\repository\commons-logging\commons-logging\1.2\commons-logging-1.2.jar;C:\Users\kajetanmellerowicz\.m2\repository\org\apache\httpcomponents\httpmime\4.5.3\httpmime-4.5.3.jar;C:\Users\kajetanmellerowicz\.m2\repository\org\hamcrest\hamcrest\2.1\hamcrest-2.1.jar;C:\Users\kajetanmellerowicz\.m2\repository\org\ccil\cowan\tagsoup\tagsoup\1.2.1\tagsoup-1.2.1.jar;C:\Users\kajetanmellerowicz\.m2\repository\io\rest-assured\json-path\4.1.2\json-path-4.1.2.jar;C:\Users\kajetanmellerowicz\.m2\repository\org\codehaus\groovy\groovy-json\2.5.8\groovy-json-2.5.8.jar;C:\Users\kajetanmellerowicz\.m2\repository\io\rest-assured\rest-assured-common\4.1.2\rest-assured-common-4.1.2.jar;C:\Users\kajetanmellerowicz\.m2\repository\io\rest-assured\xml-path\4.1.2\xml-path-4.1.2.jar;C:\Users\kajetanmellerowicz\.m2\repository\org\apache\commons\commons-lang3\3.4\commons-lang3-3.4.jar;C:\Users\kajetanmellerowicz\.m2\repository\javax\xml\bind\jaxb-api\2.3.1\jaxb-api-2.3.1.jar;C:\Users\kajetanmellerowicz\.m2\repository\javax\activation\javax.activation-api\1.2.0\javax.activation-api-1.2.0.jar;C:\Users\kajetanmellerowicz\.m2\repository\com\sun\xml\bind\jaxb-osgi\2.3.0.1\jaxb-osgi-2.3.0.1.jar;C:\Users\kajetanmellerowicz\.m2\repository\org\apache\sling\org.apache.sling.javax.activation\0.1.0\org.apache.sling.javax.activation-0.1.0.jar;C:\Users\kajetanmellerowicz\.m2\repository\javax\activation\activation\1.1.1\activation-1.1.1.jar;C:\Users\kajetanmellerowicz\.m2\repository\com\googlecode\json-simple\json-simple\1.1.1\json-simple-1.1.1.jar;C:\Users\kajetanmellerowicz\.m2\repository\junit\junit\4.10\junit-4.10.jar;C:\Users\kajetanmellerowicz\.m2\repository\org\hamcrest\hamcrest-core\1.1\hamcrest-core-1.1.jar;C:\Users\kajetanmellerowicz\.m2\repository\org\testng\testng\7.0.0\testng-7.0.0.jar;C:\Users\kajetanmellerowicz\.m2\repository\com\beust\jcommander\1.72\jcommander-1.72.jar;C:\Users\kajetanmellerowicz\.m2\repository\org\apache\poi\poi\4.1.1\poi-4.1.1.jar;C:\Users\kajetanmellerowicz\.m2\repository\commons-codec\commons-codec\1.13\commons-codec-1.13.jar;C:\Users\kajetanmellerowicz\.m2\repository\org\apache\commons\commons-collections4\4.4\commons-collections4-4.4.jar;C:\Users\kajetanmellerowicz\.m2\repository\org\apache\commons\commons-math3\3.6.1\commons-math3-3.6.1.jar;C:\Users\kajetanmellerowicz\.m2\repository\org\apache\poi\poi-ooxml\4.1.1\poi-ooxml-4.1.1.jar;C:\Users\kajetanmellerowicz\.m2\repository\org\apache\poi\poi-ooxml-schemas\4.1.1\poi-ooxml-schemas-4.1.1.jar;C:\Users\kajetanmellerowicz\.m2\repository\org\apache\xmlbeans\xmlbeans\3.1.0\xmlbeans-3.1.0.jar;C:\Users\kajetanmellerowicz\.m2\repository\org\apache\commons\commons-compress\1.19\commons-compress-1.19.jar;C:\Users\kajetanmellerowicz\.m2\repository\com\github\virtuald\curvesapi\1.06\curvesapi-1.06.jar;C:\Users\kajetanmellerowicz\.m2\repository\com\aventstack\extentreports\4.0.9\extentreports-4.0.9.jar;C:\Users\kajetanmellerowicz\.m2\repository\org\freemarker\freemarker\2.3.23\freemarker-2.3.23.jar;C:\Users\kajetanmellerowicz\.m2\repository\org\mongodb\mongodb-driver\3.3.0\mongodb-driver-3.3.0.jar;C:\Users\kajetanmellerowicz\.m2\repository\org\mongodb\mongodb-driver-core\3.3.0\mongodb-driver-core-3.3.0.jar;C:\Users\kajetanmellerowicz\.m2\repository\org\mongodb\bson\3.3.0\bson-3.3.0.jar;C:\Users\kajetanmellerowicz\.m2\repository\com\google\code\gson\gson\2.8.5\gson-2.8.5.jar;C:\Users\kajetanmellerowicz\.m2\repository\log4j\log4j\1.2.17\log4j-1.2.17.jar;"/>
    <property name="java.vm.vendor" value="Oracle Corporation"/>
    <property name="sun.arch.data.model" value="64"/>
    <property name="user.variant" value=""/>
    <property name="java.vendor.url" value="http://java.oracle.com/"/>
    <property name="user.timezone" value="Europe/Berlin"/>
    <property name="user.country.format" value="SE"/>
    <property name="java.vm.specification.version" value="1.8"/>
    <property name="os.name" value="Windows 10"/>
    <property name="user.country" value="US"/>
    <property name="sun.java.launcher" value="SUN_STANDARD"/>
    <property name="sun.boot.library.path" value="C:\Program Files\Java\jdk1.8.0_201\jre\bin"/>
    <property name="sun.java.command" value="C:\Users\KAJETA~1\AppData\Local\Temp\surefire4457643377898386789\surefirebooter3554309825339339830.jar C:\Users\kajetanmellerowicz\AppData\Local\Temp\surefire4457643377898386789 2019-12-02T18-41-17_582-jvmRun1 surefire4935737185221093584tmp surefire_06724968122033492437tmp"/>
    <property name="surefire.test.class.path" value="C:\Users\kajetanmellerowicz\eclipse-workspace\RestAssuredAPITesting_User_Project\target\test-classes;C:\Users\kajetanmellerowicz\eclipse-workspace\RestAssuredAPITesting_User_Project\target\classes;C:\Users\kajetanmellerowicz\.m2\repository\io\rest-assured\rest-assured\4.1.2\rest-assured-4.1.2.jar;C:\Users\kajetanmellerowicz\.m2\repository\org\codehaus\groovy\groovy\2.5.8\groovy-2.5.8.jar;C:\Users\kajetanmellerowicz\.m2\repository\org\codehaus\groovy\groovy-xml\2.5.8\groovy-xml-2.5.8.jar;C:\Users\kajetanmellerowicz\.m2\repository\org\apache\httpcomponents\httpclient\4.5.3\httpclient-4.5.3.jar;C:\Users\kajetanmellerowicz\.m2\repository\org\apache\httpcomponents\httpcore\4.4.6\httpcore-4.4.6.jar;C:\Users\kajetanmellerowicz\.m2\repository\commons-logging\commons-logging\1.2\commons-logging-1.2.jar;C:\Users\kajetanmellerowicz\.m2\repository\org\apache\httpcomponents\httpmime\4.5.3\httpmime-4.5.3.jar;C:\Users\kajetanmellerowicz\.m2\repository\org\hamcrest\hamcrest\2.1\hamcrest-2.1.jar;C:\Users\kajetanmellerowicz\.m2\repository\org\ccil\cowan\tagsoup\tagsoup\1.2.1\tagsoup-1.2.1.jar;C:\Users\kajetanmellerowicz\.m2\repository\io\rest-assured\json-path\4.1.2\json-path-4.1.2.jar;C:\Users\kajetanmellerowicz\.m2\repository\org\codehaus\groovy\groovy-json\2.5.8\groovy-json-2.5.8.jar;C:\Users\kajetanmellerowicz\.m2\repository\io\rest-assured\rest-assured-common\4.1.2\rest-assured-common-4.1.2.jar;C:\Users\kajetanmellerowicz\.m2\repository\io\rest-assured\xml-path\4.1.2\xml-path-4.1.2.jar;C:\Users\kajetanmellerowicz\.m2\repository\org\apache\commons\commons-lang3\3.4\commons-lang3-3.4.jar;C:\Users\kajetanmellerowicz\.m2\repository\javax\xml\bind\jaxb-api\2.3.1\jaxb-api-2.3.1.jar;C:\Users\kajetanmellerowicz\.m2\repository\javax\activation\javax.activation-api\1.2.0\javax.activation-api-1.2.0.jar;C:\Users\kajetanmellerowicz\.m2\repository\com\sun\xml\bind\jaxb-osgi\2.3.0.1\jaxb-osgi-2.3.0.1.jar;C:\Users\kajetanmellerowicz\.m2\repository\org\apache\sling\org.apache.sling.javax.activation\0.1.0\org.apache.sling.javax.activation-0.1.0.jar;C:\Users\kajetanmellerowicz\.m2\repository\javax\activation\activation\1.1.1\activation-1.1.1.jar;C:\Users\kajetanmellerowicz\.m2\repository\com\googlecode\json-simple\json-simple\1.1.1\json-simple-1.1.1.jar;C:\Users\kajetanmellerowicz\.m2\repository\junit\junit\4.10\junit-4.10.jar;C:\Users\kajetanmellerowicz\.m2\repository\org\hamcrest\hamcrest-core\1.1\hamcrest-core-1.1.jar;C:\Users\kajetanmellerowicz\.m2\repository\org\testng\testng\7.0.0\testng-7.0.0.jar;C:\Users\kajetanmellerowicz\.m2\repository\com\beust\jcommander\1.72\jcommander-1.72.jar;C:\Users\kajetanmellerowicz\.m2\repository\org\apache\poi\poi\4.1.1\poi-4.1.1.jar;C:\Users\kajetanmellerowicz\.m2\repository\commons-codec\commons-codec\1.13\commons-codec-1.13.jar;C:\Users\kajetanmellerowicz\.m2\repository\org\apache\commons\commons-collections4\4.4\commons-collections4-4.4.jar;C:\Users\kajetanmellerowicz\.m2\repository\org\apache\commons\commons-math3\3.6.1\commons-math3-3.6.1.jar;C:\Users\kajetanmellerowicz\.m2\repository\org\apache\poi\poi-ooxml\4.1.1\poi-ooxml-4.1.1.jar;C:\Users\kajetanmellerowicz\.m2\repository\org\apache\poi\poi-ooxml-schemas\4.1.1\poi-ooxml-schemas-4.1.1.jar;C:\Users\kajetanmellerowicz\.m2\repository\org\apache\xmlbeans\xmlbeans\3.1.0\xmlbeans-3.1.0.jar;C:\Users\kajetanmellerowicz\.m2\repository\org\apache\commons\commons-compress\1.19\commons-compress-1.19.jar;C:\Users\kajetanmellerowicz\.m2\repository\com\github\virtuald\curvesapi\1.06\curvesapi-1.06.jar;C:\Users\kajetanmellerowicz\.m2\repository\com\aventstack\extentreports\4.0.9\extentreports-4.0.9.jar;C:\Users\kajetanmellerowicz\.m2\repository\org\freemarker\freemarker\2.3.23\freemarker-2.3.23.jar;C:\Users\kajetanmellerowicz\.m2\repository\org\mongodb\mongodb-driver\3.3.0\mongodb-driver-3.3.0.jar;C:\Users\kajetanmellerowicz\.m2\repository\org\mongodb\mongodb-driver-core\3.3.0\mongodb-driver-core-3.3.0.jar;C:\Users\kajetanmellerowicz\.m2\repository\org\mongodb\bson\3.3.0\bson-3.3.0.jar;C:\Users\kajetanmellerowicz\.m2\repository\com\google\code\gson\gson\2.8.5\gson-2.8.5.jar;C:\Users\kajetanmellerowicz\.m2\repository\log4j\log4j\1.2.17\log4j-1.2.17.jar;"/>
    <property name="sun.cpu.endian" value="little"/>
    <property name="user.home" value="C:\Users\kajetanmellerowicz"/>
    <property name="user.language" value="en"/>
    <property name="java.specification.vendor" value="Oracle Corporation"/>
    <property name="java.home" value="C:\Program Files\Java\jdk1.8.0_201\jre"/>
    <property name="basedir" value="C:\Users\kajetanmellerowicz\eclipse-workspace\RestAssuredAPITesting_User_Project"/>
    <property name="file.separator" value="\"/>
    <property name="line.separator" value="&#10;"/>
    <property name="java.vm.specification.vendor" value="Oracle Corporation"/>
    <property name="java.specification.name" value="Java Platform API Specification"/>
    <property name="java.awt.graphicsenv" value="sun.awt.Win32GraphicsEnvironment"/>
    <property name="surefire.real.class.path" value="C:\Users\KAJETA~1\AppData\Local\Temp\surefire4457643377898386789\surefirebooter3554309825339339830.jar"/>
    <property name="sun.boot.class.path" value="C:\Program Files\Java\jdk1.8.0_201\jre\lib\resources.jar;C:\Program Files\Java\jdk1.8.0_201\jre\lib\rt.jar;C:\Program Files\Java\jdk1.8.0_201\jre\lib\sunrsasign.jar;C:\Program Files\Java\jdk1.8.0_201\jre\lib\jsse.jar;C:\Program Files\Java\jdk1.8.0_201\jre\lib\jce.jar;C:\Program Files\Java\jdk1.8.0_201\jre\lib\charsets.jar;C:\Program Files\Java\jdk1.8.0_201\jre\lib\jfr.jar;C:\Program Files\Java\jdk1.8.0_201\jre\classes"/>
    <property name="user.script" value=""/>
    <property name="sun.management.compiler" value="HotSpot 64-Bit Tiered Compilers"/>
    <property name="java.runtime.version" value="1.8.0_201-b09"/>
    <property name="user.name" value="kajetanmellerowicz"/>
    <property name="path.separator" value=";"/>
    <property name="os.version" value="10.0"/>
    <property name="java.endorsed.dirs" value="C:\Program Files\Java\jdk1.8.0_201\jre\lib\endorsed"/>
    <property name="java.runtime.name" value="Java(TM) SE Runtime Environment"/>
    <property name="file.encoding" value="Cp1252"/>
    <property name="java.vm.name" value="Java HotSpot(TM) 64-Bit Server VM"/>
    <property name="localRepository" value="C:\Users\kajetanmellerowicz\.m2\repository"/>
    <property name="java.vendor.url.bug" value="http://bugreport.sun.com/bugreport/"/>
    <property name="java.io.tmpdir" value="C:\Users\KAJETA~1\AppData\Local\Temp\"/>
    <property name="java.version" value="1.8.0_201"/>
    <property name="user.dir" value="C:\Users\kajetanmellerowicz\eclipse-workspace\RestAssuredAPITesting_User_Project"/>
    <property name="os.arch" value="amd64"/>
    <property name="java.vm.specification.name" value="Java Virtual Machine Specification"/>
    <property name="java.awt.printerjob" value="sun.awt.windows.WPrinterJob"/>
    <property name="sun.os.patch.level" value=""/>
    <property name="java.library.path" value="C:\Program Files\Java\jdk1.8.0_201\jre\bin;C:\WINDOWS\Sun\Java\bin;C:\WINDOWS\system32;C:\WINDOWS;C:\Program Files (x86)\Common Files\Oracle\Java\javapath;C:\Program Files\Java\jdk1.8.0_201\bin;C:\Program Files\Java\jre1.8.0_201\bin;C:\WINDOWS\system32;C:\WINDOWS;C:\WINDOWS\System32\Wbem;C:\WINDOWS\System32\WindowsPowerShell\v1.0\;C:\WINDOWS\System32\OpenSSH\;C:\Program Files\Git\cmd;C:\Program Files (x86)\Putty\;C:\Users\kajetanmellerowicz\apache-maven-3.6.3\bin;C:\Users\kajetanmellerowicz\WebDrivers\Chrome;C:\Users\kajetanmellerowicz\WebDrivers\Firefox;C:\Program Files (x86)\Intel\Intel(R) Management Engine Components\DAL;C:\Program Files\Intel\Intel(R) Management Engine Components\DAL;C:\Program Files\Intel\WiFi\bin\;C:\Program Files\Common Files\Intel\WirelessCommon\;C:\Users\kajetanmellerowicz\AppData\Local\Microsoft\WindowsApps;;."/>
    <property name="java.vm.info" value="mixed mode"/>
    <property name="java.vendor" value="Oracle Corporation"/>
    <property name="java.vm.version" value="25.201-b09"/>
    <property name="java.ext.dirs" value="C:\Program Files\Java\jdk1.8.0_201\jre\lib\ext;C:\WINDOWS\Sun\Java\lib\ext"/>
    <property name="sun.io.unicode.encoding" value="UnicodeLittle"/>
    <property name="java.class.version" value="52.0"/>
  </properties>
  <testcase name="checkContentType" classname="com.userapi.testCases.TC1_GET_All_Users" time="0.004"/>
  <testcase name="checkEncodingType" classname="com.userapi.testCases.TC1_GET_All_Users" time="0.001"/>
  <testcase name="checkResponseBody" classname="com.userapi.testCases.TC1_GET_All_Users" time="0.028"/>
  <testcase name="checkResponseTime" classname="com.userapi.testCases.TC1_GET_All_Users" time="0.001"/>
  <testcase name="checkServer" classname="com.userapi.testCases.TC1_GET_All_Users" time="0"/>
  <testcase name="checkStatusCode" classname="com.userapi.testCases.TC1_GET_All_Users" time="0.001"/>
  <testcase name="checkStatusLine" classname="com.userapi.testCases.TC1_GET_All_Users" time="0.002"/>
  <testcase name="checkContentType" classname="com.userapi.testCases.TC2_GET_Single_User" time="0.001"/>
  <testcase name="checkEncodingType" classname="com.userapi.testCases.TC2_GET_Single_User" time="0.001"/>
  <testcase name="checkResponseBody" classname="com.userapi.testCases.TC2_GET_Single_User" time="0"/>
  <testcase name="checkResponseTime" classname="com.userapi.testCases.TC2_GET_Single_User" time="0.001"/>
  <testcase name="checkServer" classname="com.userapi.testCases.TC2_GET_Single_User" time="0.005"/>
  <testcase name="checkStatusCode" classname="com.userapi.testCases.TC2_GET_Single_User" time="0.001"/>
  <testcase name="checkStatusLine" classname="com.userapi.testCases.TC2_GET_Single_User" time="0.002"/>
  <testcase name="checkUserId" classname="com.userapi.testCases.TC2_GET_Single_User" time="0.001"/>
  <testcase name="checkContentType" classname="com.userapi.testCases.TC3_POST_User_Record" time="0.003"/>
  <testcase name="checkEncodingType" classname="com.userapi.testCases.TC3_POST_User_Record" time="0.001"/>
  <testcase name="checkResponseBody" classname="com.userapi.testCases.TC3_POST_User_Record" time="0.001"/>
  <testcase name="checkResponseTime" classname="com.userapi.testCases.TC3_POST_User_Record" time="0.001"/>
  <testcase name="checkServer" classname="com.userapi.testCases.TC3_POST_User_Record" time="0.001"/>
  <testcase name="checkStatusCode" classname="com.userapi.testCases.TC3_POST_User_Record" time="0.001"/>
  <testcase name="checkStatusLine" classname="com.userapi.testCases.TC3_POST_User_Record" time="0.001"/>
  <testcase name="checkContentType" classname="com.userapi.testCases.TC4_PUT_Update_User_Record" time="0.004"/>
  <testcase name="checkEncodingType" classname="com.userapi.testCases.TC4_PUT_Update_User_Record" time="0.003"/>
  <testcase name="checkResponseBody" classname="com.userapi.testCases.TC4_PUT_Update_User_Record" time="0.003"/>
  <testcase name="checkResponseTime" classname="com.userapi.testCases.TC4_PUT_Update_User_Record" time="0.002"/>
  <testcase name="checkServer" classname="com.userapi.testCases.TC4_PUT_Update_User_Record" time="0.002"/>
  <testcase name="checkStatusCode" classname="com.userapi.testCases.TC4_PUT_Update_User_Record" time="0.001"/>
  <testcase name="checkStatusLine" classname="com.userapi.testCases.TC4_PUT_Update_User_Record" time="0.001"/>
  <testcase name="checkContentLength" classname="com.userapi.testCases.TC5_DELETE_User_Record" time="0.002"/>
  <testcase name="checkResponseBody" classname="com.userapi.testCases.TC5_DELETE_User_Record" time="0.002"/>
  <testcase name="checkResponseTime" classname="com.userapi.testCases.TC5_DELETE_User_Record" time="0.001"/>
  <testcase name="checkServer" classname="com.userapi.testCases.TC5_DELETE_User_Record" time="0.002"/>
  <testcase name="checkStatusCode" classname="com.userapi.testCases.TC5_DELETE_User_Record" time="0.001"/>
  <testcase name="checkStatusLine" classname="com.userapi.testCases.TC5_DELETE_User_Record" time="0.001"/>
</testsuite>