<?xml version="1.0" encoding="UTF-8"?>
<!-- Generated by org.testng.reporters.JUnitReportReporter -->
<testsuite skipped="0" hostname="LAPTOP-K6546IAP" name="com.userapi.testCases.TC3_POST_User_Record" tests="7" failures="0" timestamp="2019-12-02T12:27:31 CET" time="0.005" errors="0">
  <testcase name="checkServer" time="0.004" classname="com.userapi.testCases.TC3_POST_User_Record"/>
  <testcase name="checkEncodingType" time="0.001" classname="com.userapi.testCases.TC3_POST_User_Record"/>
  <testcase name="checkStatusCode" time="0.000" classname="com.userapi.testCases.TC3_POST_User_Record"/>
  <testcase name="checkResponseBody" time="0.000" classname="com.userapi.testCases.TC3_POST_User_Record"/>
  <testcase name="checkResponseTime" time="0.000" classname="com.userapi.testCases.TC3_POST_User_Record"/>
  <testcase name="checkContentType" time="0.000" classname="com.userapi.testCases.TC3_POST_User_Record"/>
  <testcase name="checkStatusLine" time="0.000" classname="com.userapi.testCases.TC3_POST_User_Record"/>
</testsuite> <!-- com.userapi.testCases.TC3_POST_User_Record -->
