<?xml version="1.0" encoding="UTF-8"?>
<!-- Generated by org.testng.reporters.JUnitReportReporter -->
<testsuite skipped="0" hostname="LAPTOP-K6546IAP" name="com.userapi.testCases.TC2_GET_Single_User" tests="8" failures="0" timestamp="2019-12-02T12:27:31 CET" time="0.015" errors="0">
  <testcase name="checkEncodingType" time="0.001" classname="com.userapi.testCases.TC2_GET_Single_User"/>
  <testcase name="checkUserId" time="0.004" classname="com.userapi.testCases.TC2_GET_Single_User"/>
  <testcase name="checkResponseTime" time="0.000" classname="com.userapi.testCases.TC2_GET_Single_User"/>
  <testcase name="checkContentType" time="0.002" classname="com.userapi.testCases.TC2_GET_Single_User"/>
  <testcase name="checkStatusCode" time="0.004" classname="com.userapi.testCases.TC2_GET_Single_User"/>
  <testcase name="checkStatusLine" time="0.000" classname="com.userapi.testCases.TC2_GET_Single_User"/>
  <testcase name="checkResponseBody" time="0.000" classname="com.userapi.testCases.TC2_GET_Single_User"/>
  <testcase name="checkServer" time="0.004" classname="com.userapi.testCases.TC2_GET_Single_User"/>
</testsuite> <!-- com.userapi.testCases.TC2_GET_Single_User -->
