<?xml version="1.0" encoding="UTF-8"?>
<!-- Generated by org.testng.reporters.JUnitReportReporter -->
<testsuite skipped="0" hostname="LAPTOP-K6546IAP" name="com.userapi.testCases.TC4_PUT_Update_User_Record" tests="7" failures="0" timestamp="2019-12-02T12:27:30 CET" time="0.008" errors="0">
  <testcase name="checkStatusLine" time="0.004" classname="com.userapi.testCases.TC4_PUT_Update_User_Record"/>
  <testcase name="checkStatusCode" time="0.000" classname="com.userapi.testCases.TC4_PUT_Update_User_Record"/>
  <testcase name="checkEncodingType" time="0.000" classname="com.userapi.testCases.TC4_PUT_Update_User_Record"/>
  <testcase name="checkResponseTime" time="0.004" classname="com.userapi.testCases.TC4_PUT_Update_User_Record"/>
  <testcase name="checkResponseBody" time="0.000" classname="com.userapi.testCases.TC4_PUT_Update_User_Record"/>
  <testcase name="checkContentType" time="0.000" classname="com.userapi.testCases.TC4_PUT_Update_User_Record"/>
  <testcase name="checkServer" time="0.000" classname="com.userapi.testCases.TC4_PUT_Update_User_Record"/>
</testsuite> <!-- com.userapi.testCases.TC4_PUT_Update_User_Record -->
